Virtual User Script started at : 2016-02-22 12:59:35
Starting action vuser_init.
Ending action vuser_init.
Running Vuser...
Starting iteration 1.
Starting action Action.
Action.c(47): lrs_create_socket(provision, TCP, ...)
Action.c(47): callSocket: name: 38115492, socket type: 1

Action.c(47): callConnect: socket: provision (848), remote host: 192.168.1.99  remote port: 13201
Action.c(47): callConnect: getting host address from the host name (192.168.1.99).
Action.c(47): callConnect: Mon Feb 22 12:59:37.651: Waiting for writable socket 10 secs, 0 usecs
Action.c(55): lrs_save_param_ex(provision, user, buf_p, 0, 31, ascii, add_host)
Action.c(55): callSaveParam: whence: user, offset: 0, length: 31
Action.c(55): Notify: Saving Parameter "add_host = \x00\b\x00\x1b\x01\x00\x01\\\x02\x01\x14\x00\x00\x00\x00\x00\x00\x00\x00\x00\x00\x00\x00\x00\x00\x00\x00\x00\x00\x00\x01".
Action.c(56): lrs_send(provision, add_host)
Action.c(56): callSend: socket: provision (848), buffer: add_host
Action.c(56): callSend: Mon Feb 22 12:59:37.671: reading buffer add_host
Action.c(56): callSend: Mon Feb 22 12:59:37.671: calling parameterization routines
Action.c(56): Notify: Parameter Substitution: parameter "add_host" =  "\x00\b\x00\x1b\x01\x00\x01\\\x02\x01\x14\x00\x00\x00\x00\x00\x00\x00\x00\x00\x00\x00\x00\x00\x00\x00\x00\x00\x00\x00\x01"
Action.c(56): callSend: Mon Feb 22 12:59:37.681: translate buffer to binary
Action.c(56): callSend: Mon Feb 22 12:59:37.681: Translate data for printing
=================================SENT BUFFER=================================
	"\x00"
	"\b"
	"\x00\x1b\x01\x00\x01"
	"\\"
	"\x02\x01\x14\x00\x00\x00\x00\x00\x00\x00\x00\x00\x00\x00\x00\x00\x00\x00\x00"
	"\x00\x00\x00\x01"

===============================================================================
Action.c(56): callSend: Mon Feb 22 12:59:37.691: About to send 31 bytes to provision (848)
Action.c(56): callSend: Mon Feb 22 12:59:37.691: Waiting for writable socket 10 secs, 0 usecs
Action.c(56): callSend: Mon Feb 22 12:59:37.701: Trying to send 31 bytes
Action.c(56): callSend: Mon Feb 22 12:59:37.701: Sent in this iteration 31 bytes (total in all iterations 31 bytes)
Action.c(57): lrs_receive(provision, buf2)
Action.c(57): fiInitRecv: socket: provision (848), buffer: buf2, expected size: 3
Action.c(57): callRecv: Mon Feb 22 12:59:37.711: About to read 3 bytes from provision (848)
Action.c(57): fiPerformReceive: Mon Feb 22 12:59:37.721: Waiting for readable socket 10 secs, 0 usecs
Action.c(57): fiPerformReceive: Mon Feb 22 12:59:37.721: Trying to read 8192 bytes
Action.c(57): fiPerformReceive: Mon Feb 22 12:59:37.721: store received data , 12 bytes
Action.c(57): fiPerformReceive: Mon Feb 22 12:59:37.731: Waiting for readable socket 10 secs, 0 usecs
Action.c(57): fiPerformReceive: Mon Feb 22 12:59:47.739: Select timed out
Action.c(57): Mismatch in buffer's length (expected 3 bytes, 12 bytes actually received, difference in 9 bytes)
Action.c(57): fiCheckRecvMismatch: Mon Feb 22 12:59:47.779: reading buffer buf2
Action.c(57): fiCheckRecvMismatch: Mon Feb 22 12:59:47.789: calling parameterization routines
================================EXPECTED BUFFER================================

===============================================================================
Action.c(57): getAsciiReceivedBuffer: Mon Feb 22 12:59:47.809: Translate data for printing
Action.c(57): getAsciiReceivedBuffer: Mon Feb 22 12:59:47.819: Binary to ascii
================================RECEIVED BUFFER================================
	"\x00"
	"\t"
	"\x00"
	"\b"
	"\x01\x00\x01"
	"\\"
	"\x00\x00\x00\x03"

===============================================================================
Action.c(57): callRecv:12 bytes were received
Ending action Action.
Ending iteration 1.
Ending Vuser...
Starting action vuser_end.
vuser_end.c(6): lrs_cleanup()
vuser_end.c(6): callCloseSocket: socket: provision (848)
Ending action vuser_end.
Vuser Terminated.
Vuser 0 (thread 8748), ended OK."
