Virtual User Script started at : 2016-02-18 11:31:24
Starting action vuser_init.
vuser_init.c(34): lrs_create_socket(relay-bgw, TCP, ...)
vuser_init.c(35): lrs_create_socket(relay-fgw, TCP, ...)
vuser_init.c(223): des is 2FC0068, index is 8, *size is 8
vuser_init.c(225): [0] is 0
vuser_init.c(225): [1] is 2
vuser_init.c(225): [2] is 0
vuser_init.c(225): [3] is 4
vuser_init.c(225): [4] is 1
vuser_init.c(225): [5] is 0
vuser_init.c(225): [6] is 0
vuser_init.c(225): [7] is a
vuser_init.c(228): lrs_save_param_ex(relay-bgw, user, buf_p, 0, 8, ascii, bgw_RelayRegiRequest)
vuser_init.c(41): lrs_send(relay-bgw, bgw_RelayRegiRequest)
vuser_init.c(42): lrs_receive(relay-bgw, buf1)
vuser_init.c(223): des is 2FC0068, index is 12, *size is 12
vuser_init.c(225): [0] is 0
vuser_init.c(225): [1] is 0
vuser_init.c(225): [2] is 0
vuser_init.c(225): [3] is 8
vuser_init.c(225): [4] is a
vuser_init.c(225): [5] is 0
vuser_init.c(225): [6] is ffffffa8
vuser_init.c(225): [7] is ffffffc0
vuser_init.c(225): [8] is 1
vuser_init.c(225): [9] is 0
vuser_init.c(225): [10] is 0
vuser_init.c(225): [11] is a
vuser_init.c(228): lrs_save_param_ex(relay-bgw, user, buf_p, 0, 12, ascii, fgw_RelayQueryConnectionRe)
vuser_init.c(48): lrs_send(relay-fgw, fgw_RelayQueryConnectionRe)
vuser_init.c(49): lrs_receive(relay-fgw, buf2)
vuser_init.c(49): Mismatch in buffer's length (expected 20 bytes, 28 bytes actually received, difference in 8 bytes)
vuser_init.c(223): des is 2FC0068, index is 8, *size is 8
vuser_init.c(225): [0] is 0
vuser_init.c(225): [1] is 2
vuser_init.c(225): [2] is 0
vuser_init.c(225): [3] is 4
vuser_init.c(225): [4] is a
vuser_init.c(225): [5] is 0
vuser_init.c(225): [6] is ffffffa8
vuser_init.c(225): [7] is ffffffc0
vuser_init.c(228): lrs_save_param_ex(relay-bgw, user, buf_p, 0, 8, ascii, fgw_RelayRegiRequest)
vuser_init.c(53): lrs_send(relay-fgw, fgw_RelayRegiRequest)
vuser_init.c(54): lrs_receive(relay-fgw, buf1)
vuser_init.c(223): des is 2FC0068, index is 12, *size is 12
vuser_init.c(225): [0] is 0
vuser_init.c(225): [1] is 4
vuser_init.c(225): [2] is 0
vuser_init.c(225): [3] is 8
vuser_init.c(225): [4] is 1
vuser_init.c(225): [5] is 0
vuser_init.c(225): [6] is 0
vuser_init.c(225): [7] is a
vuser_init.c(225): [8] is a
vuser_init.c(225): [9] is 0
vuser_init.c(225): [10] is ffffffa8
vuser_init.c(225): [11] is ffffffc0
vuser_init.c(228): lrs_save_param_ex(relay-bgw, user, buf_p, 0, 12, ascii, fgw_RelayMsgConnectionReq)
vuser_init.c(60): lrs_send(relay-fgw, fgw_RelayMsgConnectionReq)
vuser_init.c(61): lrs_receive(relay-bgw, buf_RelayMsgConnectionReq)
vuser_init.c(223): des is 2FC0068, index is 12, *size is 12
vuser_init.c(225): [0] is 0
vuser_init.c(225): [1] is 5
vuser_init.c(225): [2] is 0
vuser_init.c(225): [3] is 8
vuser_init.c(225): [4] is a
vuser_init.c(225): [5] is 0
vuser_init.c(225): [6] is ffffffa8
vuser_init.c(225): [7] is ffffffc0
vuser_init.c(225): [8] is 1
vuser_init.c(225): [9] is 0
vuser_init.c(225): [10] is 0
vuser_init.c(225): [11] is a
vuser_init.c(228): lrs_save_param_ex(relay-bgw, user, buf_p, 0, 12, ascii, bgw_RelayMsgConnectionRes)
vuser_init.c(66): lrs_send(relay-bgw, bgw_RelayMsgConnectionRes)
vuser_init.c(67): lrs_receive(relay-fgw, buf_RelayMsgConnectionRes)
Ending action vuser_init.
Running Vuser...
Starting iteration 1.
Starting action Action.
vuser_init.c(223): des is 2FC0060, index is 32, *size is 32
vuser_init.c(225): [0] is 0
vuser_init.c(225): [1] is 6
vuser_init.c(225): [2] is 0
vuser_init.c(225): [3] is 1c
vuser_init.c(225): [4] is 1
vuser_init.c(225): [5] is 0
vuser_init.c(225): [6] is 0
vuser_init.c(225): [7] is a
vuser_init.c(225): [8] is a
vuser_init.c(225): [9] is 0
vuser_init.c(225): [10] is ffffffa8
vuser_init.c(225): [11] is ffffffc0
vuser_init.c(225): [12] is 31
vuser_init.c(225): [13] is 0
vuser_init.c(225): [14] is 0
vuser_init.c(225): [15] is 0
vuser_init.c(225): [16] is 0
vuser_init.c(225): [17] is 0
vuser_init.c(225): [18] is 0
vuser_init.c(225): [19] is 0
vuser_init.c(225): [20] is 0
vuser_init.c(225): [21] is 0
vuser_init.c(225): [22] is 0
vuser_init.c(225): [23] is 0
vuser_init.c(225): [24] is 0
vuser_init.c(225): [25] is 0
vuser_init.c(225): [26] is 0
vuser_init.c(225): [27] is 0
vuser_init.c(225): [28] is 0
vuser_init.c(225): [29] is 0
vuser_init.c(225): [30] is 0
vuser_init.c(225): [31] is 0
vuser_init.c(228): lrs_save_param_ex(relay-bgw, user, buf_p, 0, 32, ascii, fgw_RelayDataIndication)
Action.c(15): lrs_send(relay-fgw, fgw_RelayDataIndication)
Action.c(16): lrs_receive(relay-bgw, buf_RelayDataIndication)
Action.c(16): Mismatch in buffer's length (expected 14 bytes, 32 bytes actually received, difference in 18 bytes)
vuser_init.c(223): des is 2FC0060, index is 32, *size is 32
vuser_init.c(225): [0] is 0
vuser_init.c(225): [1] is 6
vuser_init.c(225): [2] is 0
vuser_init.c(225): [3] is 1c
vuser_init.c(225): [4] is 1
vuser_init.c(225): [5] is 0
vuser_init.c(225): [6] is 0
vuser_init.c(225): [7] is a
vuser_init.c(225): [8] is a
vuser_init.c(225): [9] is 0
vuser_init.c(225): [10] is ffffffa8
vuser_init.c(225): [11] is ffffffc0
vuser_init.c(225): [12] is 31
vuser_init.c(225): [13] is 0
vuser_init.c(225): [14] is 0
vuser_init.c(225): [15] is 0
vuser_init.c(225): [16] is 0
vuser_init.c(225): [17] is 0
vuser_init.c(225): [18] is 0
vuser_init.c(225): [19] is 0
vuser_init.c(225): [20] is 0
vuser_init.c(225): [21] is 0
vuser_init.c(225): [22] is 0
vuser_init.c(225): [23] is 0
vuser_init.c(225): [24] is 0
vuser_init.c(225): [25] is 0
vuser_init.c(225): [26] is 0
vuser_init.c(225): [27] is 0
vuser_init.c(225): [28] is 0
vuser_init.c(225): [29] is 0
vuser_init.c(225): [30] is 0
vuser_init.c(225): [31] is 0
vuser_init.c(228): lrs_save_param_ex(relay-bgw, user, buf_p, 0, 32, ascii, fgw_RelayDataIndication)
Action.c(15): lrs_send(relay-fgw, fgw_RelayDataIndication)
Action.c(16): lrs_receive(relay-bgw, buf_RelayDataIndication)
Abort was called from an action.
Ending Vuser...
Starting action vuser_end.
vuser_end.c(6): lrs_cleanup()
Ending action vuser_end.
Vuser Terminated.
